<?xml version="1.0" encoding="UTF-8"?>
<!-- Generated by org.testng.reporters.JUnitXMLReporter -->
<testsuite ignored="2" hostname="DESKTOP-05KTQHD" failures="0" tests="2" name="Admin Login Test" time="32.361" errors="0" timestamp="2025-02-06T13:06:37 IST">
  <testcase classname="DriverFactory.AdminLoginTestCase" name="loginTest" time="5.662"/>
  <testcase classname="DriverFactory.AddNewEmployeeTestCase" name="addNewEmployee" time="14.682"/>
  <testcase classname="DriverFactory.AdminLoginTestCase" name="LoginPositiveTestCase" time="0.0">
    <ignored/>
  </testcase> <!-- LoginPositiveTestCase -->
  <testcase classname="DriverFactory.AdminLoginTestCase" name="LoginNegetiveTestCase" time="0.0">
    <ignored/>
  </testcase> <!-- LoginNegetiveTestCase -->
</testsuite> <!-- Admin Login Test -->
