<?xml version="1.0" encoding="UTF-8"?>
<!-- Generated by org.testng.reporters.JUnitXMLReporter -->
<testsuite ignored="2" hostname="DESKTOP-05KTQHD" failures="0" tests="1" name="Admin Login Test" time="10.849" errors="0" timestamp="2025-02-06T11:25:15 IST">
  <testcase classname="DriverFactory.AdminLoginTestCase" name="loginTest" time="10.81"/>
  <testcase classname="DriverFactory.AdminLoginTestCase" name="LoginNegetiveTestCase" time="0.0">
    <ignored/>
  </testcase> <!-- LoginNegetiveTestCase -->
  <testcase classname="DriverFactory.AdminLoginTestCase" name="LoginPositiveTestCase" time="0.0">
    <ignored/>
  </testcase> <!-- LoginPositiveTestCase -->
</testsuite> <!-- Admin Login Test -->
