<?xml version="1.0" encoding="UTF-8"?>
<testng-results ignored="0" total="1" passed="1" failed="0" skipped="0">
  <reporter-output>
    <line>
      <![CDATA[1: Module Name: Admin
]]>
    </line>
    <line>
      <![CDATA[2: Module Name: PIM
]]>
    </line>
    <line>
      <![CDATA[3: Module Name: Leave
]]>
    </line>
    <line>
      <![CDATA[4: Module Name: Time
]]>
    </line>
    <line>
      <![CDATA[5: Module Name: Recruitment
]]>
    </line>
    <line>
      <![CDATA[6: Module Name: My Info
]]>
    </line>
    <line>
      <![CDATA[7: Module Name: Performance
]]>
    </line>
    <line>
      <![CDATA[8: Module Name: Dashboard
]]>
    </line>
    <line>
      <![CDATA[9: Module Name: Directory
]]>
    </line>
    <line>
      <![CDATA[10: Module Name: Maintenance
]]>
    </line>
    <line>
      <![CDATA[11: Module Name: Buzz
]]>
    </line>
    <line>
      <![CDATA[Login Successfull]]>
    </line>
  </reporter-output>
  <suite started-at="2025-02-05T18:58:38 IST" name="Orange HRM Test Cases" finished-at="2025-02-05T18:58:50 IST" duration-ms="12033">
    <groups>
    </groups>
    <test started-at="2025-02-05T18:58:38 IST" name="Admin Login Test" finished-at="2025-02-05T18:58:50 IST" duration-ms="12033">
      <class name="DriverFactory.AdminLoginTestCase">
        <test-method is-config="true" signature="launchApp()[pri:0, instance:DriverFactory.AdminLoginTestCase@3a7442c7]" started-at="2025-02-05T18:58:32 IST" name="launchApp" finished-at="2025-02-05T18:58:38 IST" duration-ms="6167" status="PASS">
          <reporter-output>
          </reporter-output>
        </test-method> <!-- launchApp -->
        <test-method signature="LoginTest(java.lang.String,java.lang.String)[pri:0, instance:DriverFactory.AdminLoginTestCase@3a7442c7]" started-at="2025-02-05T18:58:38 IST" name="LoginTest" finished-at="2025-02-05T18:58:50 IST" duration-ms="11993" status="PASS">
          <params>
            <param index="0">
              <value>
                <![CDATA[Admin]]>
              </value>
            </param>
            <param index="1">
              <value>
                <![CDATA[Qedge123!@#]]>
              </value>
            </param>
          </params>
          <reporter-output>
            <line>
              <![CDATA[1: Module Name: Admin
]]>
            </line>
            <line>
              <![CDATA[2: Module Name: PIM
]]>
            </line>
            <line>
              <![CDATA[3: Module Name: Leave
]]>
            </line>
            <line>
              <![CDATA[4: Module Name: Time
]]>
            </line>
            <line>
              <![CDATA[5: Module Name: Recruitment
]]>
            </line>
            <line>
              <![CDATA[6: Module Name: My Info
]]>
            </line>
            <line>
              <![CDATA[7: Module Name: Performance
]]>
            </line>
            <line>
              <![CDATA[8: Module Name: Dashboard
]]>
            </line>
            <line>
              <![CDATA[9: Module Name: Directory
]]>
            </line>
            <line>
              <![CDATA[10: Module Name: Maintenance
]]>
            </line>
            <line>
              <![CDATA[11: Module Name: Buzz
]]>
            </line>
            <line>
              <![CDATA[Login Successfull]]>
            </line>
          </reporter-output>
        </test-method> <!-- LoginTest -->
        <test-method is-config="true" signature="closeApp()[pri:0, instance:DriverFactory.AdminLoginTestCase@3a7442c7]" started-at="2025-02-05T18:58:50 IST" name="closeApp" finished-at="2025-02-05T18:58:50 IST" duration-ms="256" status="PASS">
          <reporter-output>
          </reporter-output>
        </test-method> <!-- closeApp -->
      </class> <!-- DriverFactory.AdminLoginTestCase -->
    </test> <!-- Admin Login Test -->
  </suite> <!-- Orange HRM Test Cases -->
</testng-results>
