<?xml version="1.0" encoding="UTF-8"?>
<testng-results ignored="0" total="2" passed="2" failed="0" skipped="0">
  <reporter-output>
    <line>
      <![CDATA[Login Success]]>
    </line>
  </reporter-output>
  <suite started-at="2025-02-06T13:06:04 IST" name="Orange HRM Test Cases" finished-at="2025-02-06T13:06:37 IST" duration-ms="32361">
    <groups>
    </groups>
    <test started-at="2025-02-06T13:06:04 IST" name="Admin Login Test" finished-at="2025-02-06T13:06:37 IST" duration-ms="32361">
      <class name="DriverFactory.AdminLoginTestCase">
        <test-method is-config="true" signature="launchApp()[pri:0, instance:DriverFactory.AdminLoginTestCase@3a7442c7]" started-at="2025-02-06T13:06:04 IST" name="launchApp" finished-at="2025-02-06T13:06:10 IST" duration-ms="6094" status="PASS">
          <reporter-output>
          </reporter-output>
        </test-method> <!-- launchApp -->
        <test-method signature="loginTest(java.lang.String,java.lang.String)[pri:0, instance:DriverFactory.AdminLoginTestCase@3a7442c7]" started-at="2025-02-06T13:06:11 IST" name="loginTest" finished-at="2025-02-06T13:06:16 IST" duration-ms="5662" status="PASS">
          <params>
            <param index="0">
              <value>
                <![CDATA[Admin]]>
              </value>
            </param>
            <param index="1">
              <value>
                <![CDATA[Qedge123!@#]]>
              </value>
            </param>
          </params>
          <reporter-output>
            <line>
              <![CDATA[Login Success]]>
            </line>
          </reporter-output>
        </test-method> <!-- loginTest -->
        <test-method is-config="true" signature="closeApp()[pri:0, instance:DriverFactory.AdminLoginTestCase@3a7442c7]" started-at="2025-02-06T13:06:16 IST" name="closeApp" finished-at="2025-02-06T13:06:16 IST" duration-ms="195" status="PASS">
          <reporter-output>
          </reporter-output>
        </test-method> <!-- closeApp -->
      </class> <!-- DriverFactory.AdminLoginTestCase -->
      <class name="DriverFactory.AddNewEmployeeTestCase">
        <test-method is-config="true" signature="launchApp()[pri:0, instance:DriverFactory.AddNewEmployeeTestCase@742ff096]" started-at="2025-02-06T13:06:16 IST" name="launchApp" finished-at="2025-02-06T13:06:22 IST" duration-ms="5480" status="PASS">
          <reporter-output>
          </reporter-output>
        </test-method> <!-- launchApp -->
        <test-method signature="addNewEmployee(java.lang.String,java.lang.String,java.lang.String,java.lang.String,java.lang.String,java.lang.String,java.lang.String)[pri:0, instance:DriverFactory.AddNewEmployeeTestCase@742ff096]" started-at="2025-02-06T13:06:22 IST" name="addNewEmployee" finished-at="2025-02-06T13:06:37 IST" duration-ms="14682" status="PASS">
          <params>
            <param index="0">
              <value>
                <![CDATA[Admin]]>
              </value>
            </param>
            <param index="1">
              <value>
                <![CDATA[Qedge123!@#]]>
              </value>
            </param>
            <param index="2">
              <value>
                <![CDATA[Saara]]>
              </value>
            </param>
            <param index="3">
              <value>
                <![CDATA[M]]>
              </value>
            </param>
            <param index="4">
              <value>
                <![CDATA[Saaram]]>
              </value>
            </param>
            <param index="5">
              <value>
                <![CDATA[Saaram123!@#]]>
              </value>
            </param>
            <param index="6">
              <value>
                <![CDATA[Saaram123!@#]]>
              </value>
            </param>
          </params>
          <reporter-output>
          </reporter-output>
        </test-method> <!-- addNewEmployee -->
        <test-method is-config="true" signature="closeApp()[pri:0, instance:DriverFactory.AddNewEmployeeTestCase@742ff096]" started-at="2025-02-06T13:06:37 IST" name="closeApp" finished-at="2025-02-06T13:06:37 IST" duration-ms="190" status="PASS">
          <reporter-output>
          </reporter-output>
        </test-method> <!-- closeApp -->
      </class> <!-- DriverFactory.AddNewEmployeeTestCase -->
    </test> <!-- Admin Login Test -->
  </suite> <!-- Orange HRM Test Cases -->
</testng-results>
